[debug] [2021-03-10T13:25:55.227Z] ----------------------------------------------------------------------
[debug] [2021-03-10T13:25:55.231Z] Command:       C:\Program Files\nodejs\node.exe C:\Users\91953\AppData\Roaming\npm\node_modules\firebase-tools\lib\bin\firebase.js deploy
[debug] [2021-03-10T13:25:55.232Z] CLI Version:   9.6.0
[debug] [2021-03-10T13:25:55.232Z] Platform:      win32
[debug] [2021-03-10T13:25:55.232Z] Node Version:  v14.15.1
[debug] [2021-03-10T13:25:55.240Z] Time:          Wed Mar 10 2021 18:55:55 GMT+0530 (India Standard Time)
[debug] [2021-03-10T13:25:55.241Z] ----------------------------------------------------------------------
[debug] [2021-03-10T13:25:55.241Z] 
[debug] [2021-03-10T13:25:55.253Z] > command requires scopes: ["email","openid","https://www.googleapis.com/auth/cloudplatformprojects.readonly","https://www.googleapis.com/auth/firebase","https://www.googleapis.com/auth/cloud-platform"]
[debug] [2021-03-10T13:25:55.254Z] > authorizing via signed-in user
[debug] [2021-03-10T13:25:55.255Z] [iam] checking project estore-96737 for permissions ["firebase.projects.get","firebasehosting.sites.update"]
[debug] [2021-03-10T13:25:55.259Z] >>> HTTP REQUEST POST https://cloudresourcemanager.googleapis.com/v1/projects/estore-96737:testIamPermissions  
 {"permissions":["firebase.projects.get","firebasehosting.sites.update"]}
[debug] [2021-03-10T13:25:57.064Z] <<< HTTP RESPONSE 200 {"content-type":"application/json; charset=UTF-8","vary":"X-Origin, Referer, Origin,Accept-Encoding","date":"Wed, 10 Mar 2021 13:25:58 GMT","server":"ESF","cache-control":"private","x-xss-protection":"0","x-frame-options":"SAMEORIGIN","x-content-type-options":"nosniff","server-timing":"gfet4t7; dur=1395","alt-svc":"h3-29=\":443\"; ma=2592000,h3-T051=\":443\"; ma=2592000,h3-Q050=\":443\"; ma=2592000,h3-Q046=\":443\"; ma=2592000,h3-Q043=\":443\"; ma=2592000,quic=\":443\"; ma=2592000; v=\"46,43\"","accept-ranges":"none","transfer-encoding":"chunked"}
[debug] [2021-03-10T13:25:57.069Z] > refreshing access token with scopes: []
[debug] [2021-03-10T13:25:57.070Z] >>> HTTP REQUEST POST https://www.googleapis.com/oauth2/v3/token  
 <request body omitted>
[debug] [2021-03-10T13:26:18.146Z] Authentication Error: Your credentials are no longer valid. Please run firebase login --reauth

For CI servers and headless environments, generate a new token with firebase login:ci
[debug] [2021-03-10T13:26:18.290Z] FirebaseError: Authentication Error: Your credentials are no longer valid. Please run firebase login --reauth

For CI servers and headless environments, generate a new token with firebase login:ci
    at invalidCredentialError (C:\Users\91953\AppData\Roaming\npm\node_modules\firebase-tools\lib\auth.js:26:12)
    at refreshTokens (C:\Users\91953\AppData\Roaming\npm\node_modules\firebase-tools\lib\auth.js:297:15)
    at processTicksAndRejections (internal/process/task_queues.js:93:5)
    at async Client.getAccessToken (C:\Users\91953\AppData\Roaming\npm\node_modules\firebase-tools\lib\apiv2.js:144:23)
    at async Client.addAuthHeader (C:\Users\91953\AppData\Roaming\npm\node_modules\firebase-tools\lib\apiv2.js:135:21)
    at async Client.request (C:\Users\91953\AppData\Roaming\npm\node_modules\firebase-tools\lib\apiv2.js:93:34)
    at async Object.getFirebaseProject (C:\Users\91953\AppData\Roaming\npm\node_modules\firebase-tools\lib\management\projects.js:289:21)
    at async Object.getDefaultHostingSite (C:\Users\91953\AppData\Roaming\npm\node_modules\firebase-tools\lib\getDefaultHostingSite.js:8:21)
    at async requireHostingSite (C:\Users\91953\AppData\Roaming\npm\node_modules\firebase-tools\lib\requireHostingSite.js:9:18)
    at async Object.fn (C:\Users\91953\AppData\Roaming\npm\node_modules\firebase-tools\lib\commands\deploy.js:66:9)
    at async C:\Users\91953\AppData\Roaming\npm\node_modules\firebase-tools\lib\command.js:161:17
[error] 
[error] Error: Failed to get Firebase project estore-96737. Please make sure the project exists and your account has permission to access it.
